Ver: 0.0.1
1.添加了Better ESP [观察全局动向,粮草先行一步] 2021年4月18日00:10:28
  |可自定义敌方名称与敌方武器字体颜色
==========
Ver: 0.0.2
1.添加了Health & Armor [美化血量/护甲条] 2021年4月18日23:16:37
  |可自定义血量/护甲与对应的背景颜色
==========
Ver: 0.0.3
1.添加了Buy List [购买清单] 2021年4月20日15:39:46
  |可自定义标题/背景颜色
2.添加了Buy Logs [购买日志]2021年4月20日23:38:08
  |没啥，就是省略了独立的回调,与BuyList整合为BuyEvents方法
==========
Cheat.PrintColor([255, 85, 55, 255], "5.添加了Enemy View [敌人视角] [后续将更新颜色调整]2021年4月23日01:10:58\n");
Cheat.PrintColor([255, 85, 55, 255], "6.添加了Enemy View [敌人视角] 的颜色自定义功能 2021年4月23日11:55:38\n");
Cheat.PrintColor([255, 85, 55, 255], "7.添加了Bullet Tracer [ANIMATED][子弹射线-动画版] 2021年4月23日13:05:29\n");
Cheat.PrintColor([255, 85, 55, 255], "8.添加了Better ESP Weapons Ico [武器图标显示]] 2021年5月1日23:01:58\n");
==========
2021年5月4日01:10:44
1.更新敌人视角可隐藏标题
2021年5月4日01:25:59
1.添加屏幕拉伸
==========
2021年5月4日04:38:14
1.BetterEsp分离玩家名称和武器颜色
2.BetterEsp添加显示姓名选项
==========
2021年5月8日19:05:27
1.添加AA基础UI
2.添加部分AA功能，待完善....
==========